c:\users\10911\documents\github\cgproject\cgproject\debug\vc141.pdb
c:\users\10911\documents\github\cgproject\cgproject\debug\vc141.idb
c:\users\10911\documents\github\cgproject\cgproject\debug\camare.obj
c:\users\10911\documents\github\cgproject\cgproject\debug\firework.obj
c:\users\10911\documents\github\cgproject\cgproject\debug\fireworkbox.obj
c:\users\10911\documents\github\cgproject\cgproject\debug\glm.obj
c:\users\10911\documents\github\cgproject\cgproject\debug\gui.obj
c:\users\10911\documents\github\cgproject\cgproject\debug\keyboard.obj
c:\users\10911\documents\github\cgproject\cgproject\debug\leave.obj
c:\users\10911\documents\github\cgproject\cgproject\debug\light.obj
c:\users\10911\documents\github\cgproject\cgproject\debug\main.obj
c:\users\10911\documents\github\cgproject\cgproject\debug\mouse.obj
c:\users\10911\documents\github\cgproject\cgproject\debug\objmodel.obj
c:\users\10911\documents\github\cgproject\cgproject\debug\particle.obj
c:\users\10911\documents\github\cgproject\cgproject\debug\scene.obj
c:\users\10911\documents\github\cgproject\cgproject\debug\tree.obj
c:\users\10911\documents\github\cgproject\debug\cgproject.exe
c:\users\10911\documents\github\cgproject\debug\cgproject.ilk
c:\users\10911\documents\github\cgproject\debug\cgproject.pdb
c:\users\10911\documents\github\cgproject\cgproject\debug\light.obj.enc
c:\users\10911\documents\github\cgproject\cgproject\debug\cgproject.tlog\cl.command.1.tlog
c:\users\10911\documents\github\cgproject\cgproject\debug\cgproject.tlog\cl.read.1.tlog
c:\users\10911\documents\github\cgproject\cgproject\debug\cgproject.tlog\cl.write.1.tlog
c:\users\10911\documents\github\cgproject\cgproject\debug\cgproject.tlog\link.command.1.tlog
c:\users\10911\documents\github\cgproject\cgproject\debug\cgproject.tlog\link.read.1.tlog
c:\users\10911\documents\github\cgproject\cgproject\debug\cgproject.tlog\link.write.1.tlog
